\BOOKMARK [0][-]{chapter.1}{Alg\350bre lin\351aire}{}
\BOOKMARK [1][-]{section.1.1}{L'espace RN}{chapter.1}
\BOOKMARK [2][-]{subsection.1.1.1}{Introduction}{section.1.1}
\BOOKMARK [2][-]{subsection.1.1.2}{Op\351rations sur les vecteurs}{section.1.1}
\BOOKMARK [2][-]{subsection.1.1.3}{Propri\351t\351s}{section.1.1}
\BOOKMARK [1][-]{section.1.2}{Droites dans le plan}{chapter.1}
\BOOKMARK [1][-]{section.1.3}{Droites et plans dans l'espace}{chapter.1}
\BOOKMARK [2][-]{subsection.1.3.1}{Droite}{section.1.3}
\BOOKMARK [2][-]{subsection.1.3.2}{Plan}{section.1.3}
\BOOKMARK [1][-]{section.1.4}{Syst\350me de 2 \351quations \340 2 inconnues}{chapter.1}
\BOOKMARK [2][-]{subsection.1.4.1}{Interpr\351tation g\351om\351trique}{section.1.4}
\BOOKMARK [2][-]{subsection.1.4.2}{D\351terminant du syst\350me}{section.1.4}
\BOOKMARK [0][-]{chapter.2}{Les nombres complexes}{}
\BOOKMARK [1][-]{section.2.1}{Introduction}{chapter.2}
\BOOKMARK [2][-]{subsection.2.1.1}{R\351solution d'\351quation du second degr\351}{section.2.1}
\BOOKMARK [2][-]{subsection.2.1.2}{Propri\351t\351s sur le second degr\351}{section.2.1}
\BOOKMARK [2][-]{subsection.2.1.3}{Conclusion}{section.2.1}
\BOOKMARK [1][-]{section.2.2}{Les complexes}{chapter.2}
\BOOKMARK [2][-]{subsection.2.2.1}{Forme alg\350brique}{section.2.2}
\BOOKMARK [2][-]{subsection.2.2.2}{Plan de Gauss}{section.2.2}
\BOOKMARK [2][-]{subsection.2.2.3}{Forme trigonom\351trique}{section.2.2}
\BOOKMARK [2][-]{subsection.2.2.4}{Racines complexes}{section.2.2}
\BOOKMARK [0][-]{chapter.3}{D\351monstration par r\351currence}{}
\BOOKMARK [1][-]{section.3.1}{Introduction}{chapter.3}
\BOOKMARK [1][-]{section.3.2}{G\351n\351ralisation}{chapter.3}
\BOOKMARK [2][-]{subsection.3.2.1}{1re\351tape : cas de base}{section.3.2}
\BOOKMARK [2][-]{subsection.3.2.2}{2me \351tape : hypoth\350se de r\351currence}{section.3.2}
\BOOKMARK [2][-]{subsection.3.2.3}{3me \351tape : passage au rang suivant}{section.3.2}
\BOOKMARK [2][-]{subsection.3.2.4}{4me \351tape : derni\350re \351tape}{section.3.2}
\BOOKMARK [1][-]{section.3.3}{Exemple}{chapter.3}
\BOOKMARK [0][-]{chapter.4}{Notion de fonction}{}
\BOOKMARK [1][-]{section.4.1}{Exemple}{chapter.4}
\BOOKMARK [1][-]{section.4.2}{D\351finition}{chapter.4}
\BOOKMARK [2][-]{subsection.4.2.1}{Pr\351d\351finition}{section.4.2}
\BOOKMARK [2][-]{subsection.4.2.2}{Relation}{section.4.2}
\BOOKMARK [2][-]{subsection.4.2.3}{D\351finition d'une fonction}{section.4.2}
\BOOKMARK [2][-]{subsection.4.2.4}{Graphe de f}{section.4.2}
\BOOKMARK [2][-]{subsection.4.2.5}{Domaine de f}{section.4.2}
\BOOKMARK [2][-]{subsection.4.2.6}{Image de f}{section.4.2}
\BOOKMARK [0][-]{chapter.5}{Sommation}{}
\BOOKMARK [1][-]{section.5.1}{Introduction}{chapter.5}
\BOOKMARK [1][-]{section.5.2}{Interpr\351tation g\351om\351trique}{chapter.5}
\BOOKMARK [2][-]{subsection.5.2.1}{Pr\351cision de l'aire de la somme}{section.5.2}
\BOOKMARK [2][-]{subsection.5.2.2}{Orientation de l'aire}{section.5.2}
\BOOKMARK [1][-]{section.5.3}{Interpolation}{chapter.5}
\BOOKMARK [2][-]{subsection.5.3.1}{Propri\351t\351 g\351n\351rale}{section.5.3}
\BOOKMARK [2][-]{subsection.5.3.2}{Exemple}{section.5.3}
\BOOKMARK [2][-]{subsection.5.3.3}{G\351n\351ralisation pour ik}{section.5.3}
\BOOKMARK [1][-]{section.5.4}{Sommation}{chapter.5}
\BOOKMARK [2][-]{subsection.5.4.1}{Propri\351t\351s}{section.5.4}
\BOOKMARK [2][-]{subsection.5.4.2}{Double sommation}{section.5.4}
